<html>
<body>
<pre>
<h1>µVision Build Log</h1>
<h2>Tool Versions:</h2>
IDE-Version: µVision V5.27.1.0
Copyright (C) 2019 ARM Ltd and ARM Germany GmbH. All rights reserved.
License Information: yo mama joseph, hello, LIC=----
 
Tool Versions:
Toolchain:       PK51 Prof. Develpers Kit  Version: 9.60.0.0
Toolchain Path:  C:\Keil_v5\C51\BIN
C Compiler:      C51.exe V9.60.0.0
Assembler:       A51.exe V8.2.7.0
Linker/Locator:  BL51.exe V6.22.2.0
Library Manager: LIB51.exe V4.30.1.0
Hex Converter:   OH51.exe V2.7.0.0
CPU DLL:         S8051.DLL V3.122.0.0
Dialog DLL:      DP51.DLL V2.67.0.0 
<h2>Project:</h2>
C:\Users\pkjos\Documents\mpmc_project\locksystem.uvproj
Project File Date:  02/11/2025

<h2>Output:</h2>
Build target 'Target 1'
assembling gpt test.a51...
gpt test.a51(15): error A45: UNDEFINED SYMBOL (PASS-2)
gpt test.a51(25): error A45: UNDEFINED SYMBOL (PASS-2)
gpt test.a51(58): error A45: UNDEFINED SYMBOL (PASS-2)
gpt test.a51(60): error A45: UNDEFINED SYMBOL (PASS-2)
gpt test.a51(62): error A45: UNDEFINED SYMBOL (PASS-2)
gpt test.a51(64): error A45: UNDEFINED SYMBOL (PASS-2)
gpt test.a51(69): error A40: INVALID REGISTER
gpt test.a51(76): error A45: UNDEFINED SYMBOL (PASS-2)
gpt test.a51(77): error A45: UNDEFINED SYMBOL (PASS-2)
gpt test.a51(78): error A45: UNDEFINED SYMBOL (PASS-2)
gpt test.a51(79): error A45: UNDEFINED SYMBOL (PASS-2)
gpt test.a51(88): error A45: UNDEFINED SYMBOL (PASS-2)
gpt test.a51(100): error A45: UNDEFINED SYMBOL (PASS-2)
gpt test.a51(104): error A45: UNDEFINED SYMBOL (PASS-2)
gpt test.a51(124): error A45: UNDEFINED SYMBOL (PASS-2)
Target not created.
Build Time Elapsed:  00:00:00
</pre>
</body>
</html>
